============================================================
  Generated by:           Genus(TM) Synthesis Solution 21.14-s082_1
  Generated on:           Dec 11 2025  04:29:27 am
  Module:                 elevator_controller
  Technology library:     typical 
  Operating conditions:   typical (balanced_tree)
  Wireload mode:          enclosed
  Area mode:              timing library
============================================================

                               
   Gate    Instances    Area     Library  
------------------------------------------
AND2XL             3    13.624    typical 
AO22XL             2    15.138    typical 
AOI211X1           2    10.597    typical 
AOI211XL           1     5.298    typical 
AOI21X1            8    36.331    typical 
AOI21XL            2     9.083    typical 
AOI221XL           1     7.569    typical 
AOI2BB1XL          1     6.055    typical 
AOI31X1            3    18.166    typical 
AOI32X1            4    27.248    typical 
CLKINVX1          13    29.519    typical 
DFFRHQX1          12   245.236    typical 
DFFRX1             3    65.850    typical 
DFFSHQX1           1    21.193    typical 
INVXL              8    18.166    typical 
MXI2XL             1     6.055    typical 
NAND2BX1           6    27.248    typical 
NAND2BXL           1     4.541    typical 
NAND2XL           22    66.607    typical 
NAND3BX1           4    24.221    typical 
NAND3X1            2     9.083    typical 
NAND4BXL           2    13.624    typical 
NAND4XL            2    10.597    typical 
NOR2BX1            5    22.707    typical 
NOR2BXL            1     4.541    typical 
NOR2XL            24    72.662    typical 
NOR3X1             2     9.083    typical 
NOR4X1             7    42.386    typical 
OAI211X1           4    21.193    typical 
OAI211XL           1     5.298    typical 
OAI21X1           10    45.414    typical 
OAI21XL            3    13.624    typical 
OAI22X1            3    18.166    typical 
OAI31X1            1     6.055    typical 
OAI32X1            4    27.248    typical 
OR2XL              1     4.541    typical 
OR4XL              1     6.812    typical 
SDFFRHQX1          5   124.888    typical 
XOR2XL             1     8.326    typical 
------------------------------------------
total            177  1123.996            


                                         
     Type      Instances   Area   Area % 
-----------------------------------------
sequential            21  457.168   40.7 
inverter              21   47.685    4.2 
logic                135  619.144   55.1 
physical_cells         0    0.000    0.0 
-----------------------------------------
total                177 1123.996  100.0 

