###############################################################
#  Generated by:      Cadence Innovus 20.14-s095_1
#  OS:                Linux x86_64(Host ID ChipINEDA06.sastra.edu)
#  Generated on:      Thu Dec 11 05:12:23 2025
#  Design:            elevator_controller
#  Command:           report_ccopt_skew_groups -file skew_groups.rpt
###############################################################

Skew Group Structure:
=====================

-----------------------------------------------------------------
Skew Group    Sources    Constrained Sinks    Unconstrained Sinks
-----------------------------------------------------------------
clk/SDC          1              21                     0
-----------------------------------------------------------------

Skew Group Summary:
===================

------------------------------------------------------------------------------------------------------------------------------------------------------------
Timing Corner      Skew Group    ID Target    Min ID    Max ID    Avg ID    Std.Dev. ID    Skew Target Type    Skew Target    Skew     Skew window occupancy
------------------------------------------------------------------------------------------------------------------------------------------------------------
MAX:setup.early    clk/SDC           -        0.001     0.001     0.001        0.000       ignored                  -         0.000              -
MAX:setup.late     clk/SDC       none         0.001     0.001     0.001        0.000       auto computed        0.199         0.000    100% {0.001, 0.001}
MIN:hold.early     clk/SDC           -        0.001     0.001     0.001        0.000       ignored                  -         0.000              -
MIN:hold.late      clk/SDC           -        0.001     0.001     0.001        0.000       ignored                  -         0.000              -
------------------------------------------------------------------------------------------------------------------------------------------------------------

* - indicates that target was not met.

Skew Group Min/Max path pins:
=============================

---------------------------------------------------------------------
Timing Corner      Skew Group    Min ID    PathID    Max ID    PathID
---------------------------------------------------------------------
MAX:setup.early    clk/SDC       0.001       1       0.001       2
-    min door_timer_reg[2]/CK
-    max pending_reg[1]/CK
MAX:setup.late     clk/SDC       0.001       3       0.001       4
-    min door_timer_reg[2]/CK
-    max pending_reg[1]/CK
MIN:hold.early     clk/SDC       0.001       5       0.001       6
-    min door_timer_reg[2]/CK
-    max pending_reg[1]/CK
MIN:hold.late      clk/SDC       0.001       7       0.001       8
-    min door_timer_reg[2]/CK
-    max state_reg[1]/CK
---------------------------------------------------------------------

Timing for timing corner MAX:setup.early, min clock_path:
=========================================================

PathID    : 1
Path type : skew group clk/SDC (path 1 of 1)
Start     : clk
End       : door_timer_reg[2]/CK
Delay     : 0.001

----------------------------------------------------------------------------------------------
Name  Lib cell  Event  Incr   Arrival  Slew   Cap    Location         Distance  Fanout  Status
                       (ns)   (ns)     (ns)   (pF)                    (um)              
-- Clockpath trace ---------------------------------------------------------------------------
clk
-     -         rise   -       0.000   0.003  0.059  (32.045,55.390)  -           21    
door_timer_reg[2]/CK
-     DFFRX1    rise   0.001   0.001   0.003  -      (42.775,43.355)   22.765   -       
----------------------------------------------------------------------------------------------

Timing for timing corner MAX:setup.early, max clock_path:
=========================================================

PathID    : 2
Path type : skew group clk/SDC (path 1 of 1)
Start     : clk
End       : pending_reg[0]/CK
Delay     : 0.001

----------------------------------------------------------------------------------------------
Name  Lib cell  Event  Incr   Arrival  Slew   Cap    Location         Distance  Fanout  Status
                       (ns)   (ns)     (ns)   (pF)                    (um)              
-- Clockpath trace ---------------------------------------------------------------------------
clk
-     -         rise   -       0.000   0.003  0.059  (32.045,55.390)  -           21    
pending_reg[0]/CK
-     DFFRHQX1  rise   0.001   0.001   0.003  -      (41.615,12.035)   52.925   -       
----------------------------------------------------------------------------------------------

Timing for timing corner MAX:setup.late, min clock_path:
========================================================

PathID    : 3
Path type : skew group clk/SDC (path 1 of 1)
Start     : clk
End       : door_timer_reg[2]/CK
Delay     : 0.001

----------------------------------------------------------------------------------------------
Name  Lib cell  Event  Incr   Arrival  Slew   Cap    Location         Distance  Fanout  Status
                       (ns)   (ns)     (ns)   (pF)                    (um)              
-- Clockpath trace ---------------------------------------------------------------------------
clk
-     -         rise   -       0.000   0.003  0.059  (32.045,55.390)  -           21    
door_timer_reg[2]/CK
-     DFFRX1    rise   0.001   0.001   0.003  -      (42.775,43.355)   22.765   -       
----------------------------------------------------------------------------------------------

Timing for timing corner MAX:setup.late, max clock_path:
========================================================

PathID    : 4
Path type : skew group clk/SDC (path 1 of 1)
Start     : clk
End       : target_floor_reg[1]/CK
Delay     : 0.001

-----------------------------------------------------------------------------------------------
Name  Lib cell   Event  Incr   Arrival  Slew   Cap    Location         Distance  Fanout  Status
                        (ns)   (ns)     (ns)   (pF)                    (um)              
-- Clockpath trace ----------------------------------------------------------------------------
clk
-     -          rise   -       0.000   0.003  0.059  (32.045,55.390)  -           21    
target_floor_reg[1]/CK
-     SDFFRHQX1  rise   0.001   0.001   0.003  -      (16.965,22.475)   47.995   -       
-----------------------------------------------------------------------------------------------

Timing for timing corner MIN:hold.early, min clock_path:
========================================================

PathID    : 5
Path type : skew group clk/SDC (path 1 of 1)
Start     : clk
End       : door_timer_reg[2]/CK
Delay     : 0.001

----------------------------------------------------------------------------------------------
Name  Lib cell  Event  Incr   Arrival  Slew   Cap    Location         Distance  Fanout  Status
                       (ns)   (ns)     (ns)   (pF)                    (um)              
-- Clockpath trace ---------------------------------------------------------------------------
clk
-     -         rise   -       0.000   0.003  0.057  (32.045,55.390)  -           21    
door_timer_reg[2]/CK
-     DFFRX1    rise   0.001   0.001   0.003  -      (42.775,43.355)   22.765   -       
----------------------------------------------------------------------------------------------

Timing for timing corner MIN:hold.early, max clock_path:
========================================================

PathID    : 6
Path type : skew group clk/SDC (path 1 of 1)
Start     : clk
End       : target_floor_reg[1]/CK
Delay     : 0.001

-----------------------------------------------------------------------------------------------
Name  Lib cell   Event  Incr   Arrival  Slew   Cap    Location         Distance  Fanout  Status
                        (ns)   (ns)     (ns)   (pF)                    (um)              
-- Clockpath trace ----------------------------------------------------------------------------
clk
-     -          rise   -       0.000   0.003  0.057  (32.045,55.390)  -           21    
target_floor_reg[1]/CK
-     SDFFRHQX1  rise   0.001   0.001   0.003  -      (16.965,22.475)   47.995   -       
-----------------------------------------------------------------------------------------------

Timing for timing corner MIN:hold.late, min clock_path:
=======================================================

PathID    : 7
Path type : skew group clk/SDC (path 1 of 1)
Start     : clk
End       : door_timer_reg[2]/CK
Delay     : 0.001

----------------------------------------------------------------------------------------------
Name  Lib cell  Event  Incr   Arrival  Slew   Cap    Location         Distance  Fanout  Status
                       (ns)   (ns)     (ns)   (pF)                    (um)              
-- Clockpath trace ---------------------------------------------------------------------------
clk
-     -         rise   -       0.000   0.003  0.057  (32.045,55.390)  -           21    
door_timer_reg[2]/CK
-     DFFRX1    rise   0.001   0.001   0.003  -      (42.775,43.355)   22.765   -       
----------------------------------------------------------------------------------------------

Timing for timing corner MIN:hold.late, max clock_path:
=======================================================

PathID    : 8
Path type : skew group clk/SDC (path 1 of 1)
Start     : clk
End       : target_floor_reg[1]/CK
Delay     : 0.001

-----------------------------------------------------------------------------------------------
Name  Lib cell   Event  Incr   Arrival  Slew   Cap    Location         Distance  Fanout  Status
                        (ns)   (ns)     (ns)   (pF)                    (um)              
-- Clockpath trace ----------------------------------------------------------------------------
clk
-     -          rise   -       0.000   0.003  0.057  (32.045,55.390)  -           21    
target_floor_reg[1]/CK
-     SDFFRHQX1  rise   0.001   0.001   0.003  -      (16.965,22.475)   47.995   -       
-----------------------------------------------------------------------------------------------

